#
# There is insufficient memory for the Java Runtime Environment to continue.
# Native memory allocation (malloc) failed to allocate 190576 bytes for Chunk::new
# Possible reasons:
#   The system is out of physical RAM or swap space
#   In 32 bit mode, the process size limit was hit
# Possible solutions:
#   Reduce memory load on the system
#   Increase physical memory or swap space
#   Check if swap backing store is full
#   Use 64 bit Java on a 64 bit OS
#   Decrease Java heap size (-Xmx/-Xms)
#   Decrease number of Java threads
#   Decrease Java thread stack sizes (-Xss)
#   Set larger code cache with -XX:ReservedCodeCacheSize=
# This output file may be truncated or incomplete.
#
#  Out of Memory Error (allocation.cpp:390), pid=19548, tid=0x000000000000ad6c
#
# JRE version: Java(TM) SE Runtime Environment (8.0_144-b01) (build 1.8.0_144-b01)
# Java VM: Java HotSpot(TM) 64-Bit Server VM (25.144-b01 mixed mode windows-amd64 compressed oops)
# Failed to write core dump. Minidumps are not enabled by default on client versions of Windows
#

---------------  T H R E A D  ---------------

Current thread (0x0000000018cf1000):  JavaThread "C2 CompilerThread1" daemon [_thread_in_native, id=44396, stack(0x00000000193e0000,0x00000000194e0000)]

Stack: [0x00000000193e0000,0x00000000194e0000]
[error occurred during error reporting (printing stack bounds), id 0xc0000005]

Native frames: (J=compiled Java code, j=interpreted, Vv=VM code, C=native code)


Current CompileTask:
C2:  24344 3843       4       java.lang.ClassLoader::defineClass (43 bytes)


---------------  P R O C E S S  ---------------

Java Threads: ( => current thread )
  0x0000000019ca7000 JavaThread "MVStore background writer nio:D:/video.mv.db" daemon [_thread_blocked, id=47676, stack(0x000000001fd00000,0x000000001fe00000)]
  0x000000001e202000 JavaThread "Tomcat JDBC Pool Cleaner[1943105171:1747743181105]" daemon [_thread_blocked, id=52096, stack(0x000000001f900000,0x000000001fa00000)]
  0x000000001c6b8000 JavaThread "container-0" [_thread_blocked, id=42756, stack(0x000000001f800000,0x000000001f900000)]
  0x000000001e48b800 JavaThread "ContainerBackgroundProcessor[StandardEngine[Tomcat]]" daemon [_thread_blocked, id=39884, stack(0x000000001f700000,0x000000001f800000)]
  0x0000000019b0e800 JavaThread "localhost-startStop-1" daemon [_thread_blocked, id=43468, stack(0x000000001b680000,0x000000001b780000)]
  0x000000001a19d000 JavaThread "Tomcat-startStop-1" daemon [_thread_blocked, id=48232, stack(0x000000001b180000,0x000000001b280000)]
  0x0000000018d4b000 JavaThread "Service Thread" daemon [_thread_blocked, id=44988, stack(0x00000000195e0000,0x00000000196e0000)]
  0x0000000018d45000 JavaThread "C1 CompilerThread2" daemon [_thread_blocked, id=43144, stack(0x00000000194e0000,0x00000000195e0000)]
=>0x0000000018cf1000 JavaThread "C2 CompilerThread1" daemon [_thread_in_native, id=44396, stack(0x00000000193e0000,0x00000000194e0000)]
  0x0000000017993800 JavaThread "C2 CompilerThread0" daemon [_thread_in_native, id=23516, stack(0x00000000192e0000,0x00000000193e0000)]
  0x0000000017992000 JavaThread "Attach Listener" daemon [_thread_blocked, id=2260, stack(0x00000000191e0000,0x00000000192e0000)]
  0x00000000179de800 JavaThread "Signal Dispatcher" daemon [_thread_blocked, id=51448, stack(0x00000000190e0000,0x00000000191e0000)]
  0x000000001796a800 JavaThread "Finalizer" daemon [_thread_blocked, id=19692, stack(0x0000000018be0000,0x0000000018ce0000)]
  0x0000000002e46000 JavaThread "Reference Handler" daemon [_thread_blocked, id=39220, stack(0x0000000018ae0000,0x0000000018be0000)]
  0x0000000002d55800 JavaThread "main" [_thread_in_native, id=33460, stack(0x0000000002a90000,0x0000000002b90000)]

Other Threads:
  0x0000000017948000 VMThread [stack: 0x00000000189e0000,0x0000000018ae0000] [id=50076]
  0x0000000018d79800 WatcherThread [stack: 0x00000000196e0000,0x00000000197e0000] [id=37176]

VM state:not at safepoint (normal execution)

VM Mutex/Monitor currently owned by a thread: None

Heap:
 PSYoungGen      total 111104K, used 68448K [0x00000000d5f00000, 0x00000000ddb00000, 0x0000000100000000)
  eden space 101376K, 67% used [0x00000000d5f00000,0x00000000da1d8388,0x00000000dc200000)
  from space 9728K, 0% used [0x00000000dce00000,0x00000000dce00000,0x00000000dd780000)
  to   space 12288K, 0% used [0x00000000dc200000,0x00000000dc200000,0x00000000dce00000)
 ParOldGen       total 92160K, used 20759K [0x0000000081c00000, 0x0000000087600000, 0x00000000d5f00000)
  object space 92160K, 22% used [0x0000000081c00000,0x0000000083045f20,0x0000000087600000)
 Metaspace       used 41592K, capacity 42026K, committed 42240K, reserved 1085440K
  class space    used 5262K, capacity 5354K, committed 5376K, reserved 1048576K

Card table byte_map: [0x0000000012210000,0x0000000012610000] byte_map_base: 0x0000000011e02000

Marking Bits: (ParMarkBitMap*) 0x000000005a38d850
 Begin Bits: [0x0000000012cc0000, 0x0000000014c50000)
 End Bits:   [0x0000000014c50000, 0x0000000016be0000)

Polling page: 0x0000000000c00000

CodeCache: size=245760Kb used=12977Kb max_used=12985Kb free=232782Kb
 bounds [0x0000000002e50000, 0x0000000003b10000, 0x0000000011e50000]
 total_blobs=3884 nmethods=3395 adapters=401
 compilation: enabled

Compilation events (10 events):
Event: 24.262 Thread 0x0000000018d45000 nmethod 3838 0x0000000003b07810 code [0x0000000003b07980, 0x0000000003b07b08]
Event: 24.262 Thread 0x0000000018d45000 3840       3       java.nio.HeapByteBuffer::put (167 bytes)
Event: 24.263 Thread 0x0000000018d45000 nmethod 3840 0x0000000003b07f90 code [0x0000000003b08200, 0x0000000003b09578]
Event: 24.263 Thread 0x0000000018d45000 3841       3       java.nio.DirectByteBuffer::get (126 bytes)
Event: 24.264 Thread 0x0000000018d45000 nmethod 3841 0x0000000003b09a10 code [0x0000000003b09be0, 0x0000000003b0a328]
Event: 24.328 Thread 0x0000000018cf1000 3842       4       java.util.concurrent.CopyOnWriteArrayList::get (10 bytes)
Event: 24.328 Thread 0x0000000018cf1000 nmethod 3842 0x0000000003b040d0 code [0x0000000003b04200, 0x0000000003b04298]
Event: 24.333 Thread 0x0000000018cf1000 3843       4       java.lang.ClassLoader::defineClass (43 bytes)
Event: 24.341 Thread 0x0000000018d45000 3844       3       javassist.bytecode.LongVector::addElement (99 bytes)
Event: 24.341 Thread 0x0000000018d45000 nmethod 3844 0x0000000003b0c4d0 code [0x0000000003b0c660, 0x0000000003b0cd28]

GC Heap History (10 events):
Event: 12.893 GC heap before
{Heap before GC invocations=6 (full 1):
 PSYoungGen      total 71680K, used 66560K [0x00000000d5f00000, 0x00000000daa00000, 0x0000000100000000)
  eden space 66560K, 100% used [0x00000000d5f00000,0x00000000da000000,0x00000000da000000)
  from space 5120K, 0% used [0x00000000da500000,0x00000000da500000,0x00000000daa00000)
  to   space 5120K, 0% used [0x00000000da000000,0x00000000da000000,0x00000000da500000)
 ParOldGen       total 57344K, used 6759K [0x0000000081c00000, 0x0000000085400000, 0x00000000d5f00000)
  object space 57344K, 11% used [0x0000000081c00000,0x0000000082299c10,0x0000000085400000)
 Metaspace       used 24131K, capacity 24430K, committed 24832K, reserved 1071104K
  class space    used 2913K, capacity 2992K, committed 3072K, reserved 1048576K
Event: 12.915 GC heap after
Heap after GC invocations=6 (full 1):
 PSYoungGen      total 71680K, used 5108K [0x00000000d5f00000, 0x00000000dd780000, 0x0000000100000000)
  eden space 66560K, 0% used [0x00000000d5f00000,0x00000000d5f00000,0x00000000da000000)
  from space 5120K, 99% used [0x00000000da000000,0x00000000da4fd1d8,0x00000000da500000)
  to   space 9728K, 0% used [0x00000000dce00000,0x00000000dce00000,0x00000000dd780000)
 ParOldGen       total 57344K, used 7460K [0x0000000081c00000, 0x0000000085400000, 0x00000000d5f00000)
  object space 57344K, 13% used [0x0000000081c00000,0x0000000082349010,0x0000000085400000)
 Metaspace       used 24131K, capacity 24430K, committed 24832K, reserved 1071104K
  class space    used 2913K, capacity 2992K, committed 3072K, reserved 1048576K
}
Event: 16.310 GC heap before
{Heap before GC invocations=7 (full 1):
 PSYoungGen      total 71680K, used 71668K [0x00000000d5f00000, 0x00000000dd780000, 0x0000000100000000)
  eden space 66560K, 100% used [0x00000000d5f00000,0x00000000da000000,0x00000000da000000)
  from space 5120K, 99% used [0x00000000da000000,0x00000000da4fd1d8,0x00000000da500000)
  to   space 9728K, 0% used [0x00000000dce00000,0x00000000dce00000,0x00000000dd780000)
 ParOldGen       total 57344K, used 7460K [0x0000000081c00000, 0x0000000085400000, 0x00000000d5f00000)
  object space 57344K, 13% used [0x0000000081c00000,0x0000000082349010,0x0000000085400000)
 Metaspace       used 29195K, capacity 29494K, committed 29824K, reserved 1075200K
  class space    used 3574K, capacity 3644K, committed 3712K, reserved 1048576K
Event: 16.359 GC heap after
Heap after GC invocations=7 (full 1):
 PSYoungGen      total 111104K, used 9726K [0x00000000d5f00000, 0x00000000ddb00000, 0x0000000100000000)
  eden space 101376K, 0% used [0x00000000d5f00000,0x00000000d5f00000,0x00000000dc200000)
  from space 9728K, 99% used [0x00000000dce00000,0x00000000dd77fbd0,0x00000000dd780000)
  to   space 12288K, 0% used [0x00000000dc200000,0x00000000dc200000,0x00000000dce00000)
 ParOldGen       total 57344K, used 9806K [0x0000000081c00000, 0x0000000085400000, 0x00000000d5f00000)
  object space 57344K, 17% used [0x0000000081c00000,0x0000000082593868,0x0000000085400000)
 Metaspace       used 29195K, capacity 29494K, committed 29824K, reserved 1075200K
  class space    used 3574K, capacity 3644K, committed 3712K, reserved 1048576K
}
Event: 20.257 GC heap before
{Heap before GC invocations=8 (full 1):
 PSYoungGen      total 111104K, used 111102K [0x00000000d5f00000, 0x00000000ddb00000, 0x0000000100000000)
  eden space 101376K, 100% used [0x00000000d5f00000,0x00000000dc200000,0x00000000dc200000)
  from space 9728K, 99% used [0x00000000dce00000,0x00000000dd77fbd0,0x00000000dd780000)
  to   space 12288K, 0% used [0x00000000dc200000,0x00000000dc200000,0x00000000dce00000)
 ParOldGen       total 57344K, used 9806K [0x0000000081c00000, 0x0000000085400000, 0x00000000d5f00000)
  object space 57344K, 17% used [0x0000000081c00000,0x0000000082593868,0x0000000085400000)
 Metaspace       used 32797K, capacity 33148K, committed 33280K, reserved 1079296K
  class space    used 4004K, capacity 4093K, committed 4096K, reserved 1048576K
Event: 20.313 GC heap after
Heap after GC invocations=8 (full 1):
 PSYoungGen      total 113664K, used 12279K [0x00000000d5f00000, 0x00000000ddb00000, 0x0000000100000000)
  eden space 101376K, 0% used [0x00000000d5f00000,0x00000000d5f00000,0x00000000dc200000)
  from space 12288K, 99% used [0x00000000dc200000,0x00000000dcdfdc40,0x00000000dce00000)
  to   space 9728K, 0% used [0x00000000dce00000,0x00000000dce00000,0x00000000dd780000)
 ParOldGen       total 57344K, used 11873K [0x0000000081c00000, 0x0000000085400000, 0x00000000d5f00000)
  object space 57344K, 20% used [0x0000000081c00000,0x0000000082798610,0x0000000085400000)
 Metaspace       used 32797K, capacity 33148K, committed 33280K, reserved 1079296K
  class space    used 4004K, capacity 4093K, committed 4096K, reserved 1048576K
}
Event: 21.129 GC heap before
{Heap before GC invocations=9 (full 1):
 PSYoungGen      total 113664K, used 29166K [0x00000000d5f00000, 0x00000000ddb00000, 0x0000000100000000)
  eden space 101376K, 16% used [0x00000000d5f00000,0x00000000d6f7dd88,0x00000000dc200000)
  from space 12288K, 99% used [0x00000000dc200000,0x00000000dcdfdc40,0x00000000dce00000)
  to   space 9728K, 0% used [0x00000000dce00000,0x00000000dce00000,0x00000000dd780000)
 ParOldGen       total 57344K, used 11873K [0x0000000081c00000, 0x0000000085400000, 0x00000000d5f00000)
  object space 57344K, 20% used [0x0000000081c00000,0x0000000082798610,0x0000000085400000)
 Metaspace       used 34876K, capacity 35300K, committed 35496K, reserved 1081344K
  class space    used 4204K, capacity 4329K, committed 4352K, reserved 1048576K
Event: 21.159 GC heap after
Heap after GC invocations=9 (full 1):
 PSYoungGen      total 111104K, used 9721K [0x00000000d5f00000, 0x00000000ddb00000, 0x0000000100000000)
  eden space 101376K, 0% used [0x00000000d5f00000,0x00000000d5f00000,0x00000000dc200000)
  from space 9728K, 99% used [0x00000000dce00000,0x00000000dd77e4b8,0x00000000dd780000)
  to   space 12288K, 0% used [0x00000000dc200000,0x00000000dc200000,0x00000000dce00000)
 ParOldGen       total 57344K, used 16986K [0x0000000081c00000, 0x0000000085400000, 0x00000000d5f00000)
  object space 57344K, 29% used [0x0000000081c00000,0x0000000082c96920,0x0000000085400000)
 Metaspace       used 34876K, capacity 35300K, committed 35496K, reserved 1081344K
  class space    used 4204K, capacity 4329K, committed 4352K, reserved 1048576K
}
Event: 21.159 GC heap before
{Heap before GC invocations=10 (full 2):
 PSYoungGen      total 111104K, used 9721K [0x00000000d5f00000, 0x00000000ddb00000, 0x0000000100000000)
  eden space 101376K, 0% used [0x00000000d5f00000,0x00000000d5f00000,0x00000000dc200000)
  from space 9728K, 99% used [0x00000000dce00000,0x00000000dd77e4b8,0x00000000dd780000)
  to   space 12288K, 0% used [0x00000000dc200000,0x00000000dc200000,0x00000000dce00000)
 ParOldGen       total 57344K, used 16986K [0x0000000081c00000, 0x0000000085400000, 0x00000000d5f00000)
  object space 57344K, 29% used [0x0000000081c00000,0x0000000082c96920,0x0000000085400000)
 Metaspace       used 34876K, capacity 35300K, committed 35496K, reserved 1081344K
  class space    used 4204K, capacity 4329K, committed 4352K, reserved 1048576K
Event: 21.359 GC heap after
Heap after GC invocations=10 (full 2):
 PSYoungGen      total 111104K, used 0K [0x00000000d5f00000, 0x00000000ddb00000, 0x0000000100000000)
  eden space 101376K, 0% used [0x00000000d5f00000,0x00000000d5f00000,0x00000000dc200000)
  from space 9728K, 0% used [0x00000000dce00000,0x00000000dce00000,0x00000000dd780000)
  to   space 12288K, 0% used [0x00000000dc200000,0x00000000dc200000,0x00000000dce00000)
 ParOldGen       total 92160K, used 20759K [0x0000000081c00000, 0x0000000087600000, 0x00000000d5f00000)
  object space 92160K, 22% used [0x0000000081c00000,0x0000000083045f20,0x0000000087600000)
 Metaspace       used 34876K, capacity 35300K, committed 35496K, reserved 1081344K
  class space    used 4204K, capacity 4329K, committed 4352K, reserved 1048576K
}

Deoptimization events (10 events):
Event: 22.304 Thread 0x0000000002d55800 Uncommon trap: reason=unstable_if action=reinterpret pc=0x0000000003181600 method=java.io.DataInputStream.readUTF(Ljava/io/DataInput;)Ljava/lang/String; @ 112
Event: 22.604 Thread 0x0000000002d55800 Uncommon trap: reason=class_check action=maybe_recompile pc=0x000000000300d69c method=java.lang.reflect.Executable.getAnnotation(Ljava/lang/Class;)Ljava/lang/annotation/Annotation; @ 19
Event: 22.614 Thread 0x0000000002d55800 Uncommon trap: reason=bimorphic action=maybe_recompile pc=0x0000000003006ca0 method=java.lang.ClassLoader.loadClass(Ljava/lang/String;Z)Ljava/lang/Class; @ 2
Event: 22.946 Thread 0x0000000002d55800 Uncommon trap: reason=bimorphic action=maybe_recompile pc=0x000000000397580c method=java.util.AbstractCollection.addAll(Ljava/util/Collection;)Z @ 29
Event: 22.948 Thread 0x0000000002d55800 Uncommon trap: reason=bimorphic action=maybe_recompile pc=0x000000000397580c method=java.util.AbstractCollection.addAll(Ljava/util/Collection;)Z @ 29
Event: 23.049 Thread 0x0000000002d55800 Uncommon trap: reason=class_check action=maybe_recompile pc=0x00000000037a1714 method=java.util.AbstractList$Itr.hasNext()Z @ 8
Event: 23.049 Thread 0x0000000002d55800 Uncommon trap: reason=class_check action=maybe_recompile pc=0x00000000037b7704 method=java.util.AbstractList$Itr.next()Ljava/lang/Object; @ 14
Event: 23.246 Thread 0x0000000002d55800 Uncommon trap: reason=bimorphic action=maybe_recompile pc=0x0000000003006ca0 method=java.lang.ClassLoader.loadClass(Ljava/lang/String;Z)Ljava/lang/Class; @ 2
Event: 23.912 Thread 0x0000000002d55800 Uncommon trap: reason=unstable_if action=reinterpret pc=0x0000000003728328 method=java.lang.reflect.Method.invoke(Ljava/lang/Object;[Ljava/lang/Object;)Ljava/lang/Object; @ 18
Event: 23.958 Thread 0x0000000002d55800 Uncommon trap: reason=class_check action=maybe_recompile pc=0x0000000003706ccc method=java.util.Collections$UnmodifiableMap.containsKey(Ljava/lang/Object;)Z @ 5

Internal exceptions (10 events):
Event: 20.876 Thread 0x0000000002d55800 Exception <a 'java/lang/ClassNotFoundException': org/springframework/context/weaving/LoadTimeWeaverAwareCustomizer> (0x00000000d67fcd38) thrown at [C:\re\workspace\8-2-build-windows-amd64-cygwin\jdk8u144\9417\hotspot\src\share\vm\classfile\systemDictionar
Event: 20.877 Thread 0x0000000002d55800 Exception <a 'java/lang/ClassNotFoundException': org/springframework/beans/factory/FactoryBeanCustomizer> (0x00000000d680f7e8) thrown at [C:\re\workspace\8-2-build-windows-amd64-cygwin\jdk8u144\9417\hotspot\src\share\vm\classfile\systemDictionary.cpp, lin
Event: 20.878 Thread 0x0000000002d55800 Exception <a 'java/lang/ClassNotFoundException': org/springframework/beans/factory/BeanClassLoaderAwareCustomizer> (0x00000000d6826da8) thrown at [C:\re\workspace\8-2-build-windows-amd64-cygwin\jdk8u144\9417\hotspot\src\share\vm\classfile\systemDictionary
Event: 20.878 Thread 0x0000000002d55800 Exception <a 'java/lang/ClassNotFoundException': org/springframework/beans/factory/BeanFactoryAwareCustomizer> (0x00000000d683a798) thrown at [C:\re\workspace\8-2-build-windows-amd64-cygwin\jdk8u144\9417\hotspot\src\share\vm\classfile\systemDictionary.cpp
Event: 20.882 Thread 0x0000000002d55800 Exception <a 'java/lang/ClassNotFoundException': org/springframework/beans/factory/BeanNameAwareCustomizer> (0x00000000d684da70) thrown at [C:\re\workspace\8-2-build-windows-amd64-cygwin\jdk8u144\9417\hotspot\src\share\vm\classfile\systemDictionary.cpp, l
Event: 20.883 Thread 0x0000000002d55800 Exception <a 'java/lang/ClassNotFoundException': org/springframework/beans/factory/InitializingBeanCustomizer> (0x00000000d6861380) thrown at [C:\re\workspace\8-2-build-windows-amd64-cygwin\jdk8u144\9417\hotspot\src\share\vm\classfile\systemDictionary.cpp
Event: 20.955 Thread 0x0000000002d55800 Exception <a 'java/lang/ClassNotFoundException': org/springframework/beans/factory/DisposableBeanCustomizer> (0x00000000d6873850) thrown at [C:\re\workspace\8-2-build-windows-amd64-cygwin\jdk8u144\9417\hotspot\src\share\vm\classfile\systemDictionary.cpp, 
Event: 20.957 Thread 0x0000000002d55800 Exception <a 'java/lang/ClassNotFoundException': org/springframework/orm/jpa/EntityManagerFactoryInfoCustomizer> (0x00000000d6886e70) thrown at [C:\re\workspace\8-2-build-windows-amd64-cygwin\jdk8u144\9417\hotspot\src\share\vm\classfile\systemDictionary.c
Event: 20.958 Thread 0x0000000002d55800 Exception <a 'java/lang/ClassNotFoundException': org/springframework/dao/support/PersistenceExceptionTranslatorCustomizer> (0x00000000d68a5ae8) thrown at [C:\re\workspace\8-2-build-windows-amd64-cygwin\jdk8u144\9417\hotspot\src\share\vm\classfile\systemDi
Event: 20.961 Thread 0x0000000002d55800 Exception <a 'java/lang/ClassNotFoundException': java/io/SerializableCustomizer> (0x00000000d68accb8) thrown at [C:\re\workspace\8-2-build-windows-amd64-cygwin\jdk8u144\9417\hotspot\src\share\vm\classfile\systemDictionary.cpp, line 210]

Events (10 events):
Event: 24.338 loading class javassist/util/proxy/RuntimeSupport
Event: 24.338 loading class javassist/util/proxy/RuntimeSupport done
Event: 24.339 loading class javassist/util/proxy/RuntimeSupport$DefaultMethodHandler
Event: 24.339 loading class javassist/util/proxy/RuntimeSupport$DefaultMethodHandler done
Event: 24.340 loading class javassist/util/proxy/ProxyObject
Event: 24.340 loading class javassist/util/proxy/ProxyObject done
Event: 24.340 loading class javassist/util/proxy/Proxy
Event: 24.340 loading class javassist/util/proxy/Proxy done
Event: 24.341 loading class javassist/bytecode/Bytecode
Event: 24.341 loading class javassist/bytecode/Bytecode done


Dynamic libraries:
0x00007ff659bf0000 - 0x00007ff659c27000 	C:\Program Files\Java\jdk1.8.0_144\bin\java.exe
0x00007fff9e8b0000 - 0x00007fff9eaa8000 	C:\WINDOWS\SYSTEM32\ntdll.dll
0x00007fff9dfa0000 - 0x00007fff9e062000 	C:\WINDOWS\System32\KERNEL32.DLL
0x00007fff9c120000 - 0x00007fff9c416000 	C:\WINDOWS\System32\KERNELBASE.dll
0x00007fff9c8c0000 - 0x00007fff9c96f000 	C:\WINDOWS\System32\ADVAPI32.dll
0x00007fff9cf70000 - 0x00007fff9d00e000 	C:\WINDOWS\System32\msvcrt.dll
0x00007fff9dd00000 - 0x00007fff9dd9f000 	C:\WINDOWS\System32\sechost.dll
0x00007fff9ca70000 - 0x00007fff9cb93000 	C:\WINDOWS\System32\RPCRT4.dll
0x00007fff9c000000 - 0x00007fff9c027000 	C:\WINDOWS\System32\bcrypt.dll
0x00007fff9d520000 - 0x00007fff9d6bd000 	C:\WINDOWS\System32\USER32.dll
0x00007fff9c6e0000 - 0x00007fff9c702000 	C:\WINDOWS\System32\win32u.dll
0x00007fff9e7e0000 - 0x00007fff9e80b000 	C:\WINDOWS\System32\GDI32.dll
0x00007fff9bd30000 - 0x00007fff9be4a000 	C:\WINDOWS\System32\gdi32full.dll
0x00007fff9c540000 - 0x00007fff9c5dd000 	C:\WINDOWS\System32\msvcp_win.dll
0x00007fff9c5e0000 - 0x00007fff9c6e0000 	C:\WINDOWS\System32\ucrtbase.dll
0x00007fff8d810000 - 0x00007fff8daaa000 	C:\WINDOWS\WinSxS\amd64_microsoft.windows.common-controls_6595b64144ccf1df_6.0.19041.4355_none_60b8b9eb71f62e16\COMCTL32.dll
0x00007fff9db80000 - 0x00007fff9dbaf000 	C:\WINDOWS\System32\IMM32.DLL
0x000000005a610000 - 0x000000005a6e2000 	C:\Program Files\Java\jdk1.8.0_144\jre\bin\msvcr100.dll
0x0000000059b70000 - 0x000000005a40d000 	C:\Program Files\Java\jdk1.8.0_144\jre\bin\server\jvm.dll
0x00007fff9d810000 - 0x00007fff9d818000 	C:\WINDOWS\System32\PSAPI.DLL
0x00007fff8dd50000 - 0x00007fff8dd59000 	C:\WINDOWS\SYSTEM32\WSOCK32.dll
0x00007fff9cca0000 - 0x00007fff9cd0b000 	C:\WINDOWS\System32\WS2_32.dll
0x00007fff8d300000 - 0x00007fff8d327000 	C:\WINDOWS\SYSTEM32\WINMM.dll
0x00007fff958b0000 - 0x00007fff958ba000 	C:\WINDOWS\SYSTEM32\VERSION.dll
0x000000005a600000 - 0x000000005a60f000 	C:\Program Files\Java\jdk1.8.0_144\jre\bin\verify.dll
0x000000005a5d0000 - 0x000000005a5f9000 	C:\Program Files\Java\jdk1.8.0_144\jre\bin\java.dll
0x000000005a5b0000 - 0x000000005a5c6000 	C:\Program Files\Java\jdk1.8.0_144\jre\bin\zip.dll
0x00007fff9e070000 - 0x00007fff9e7df000 	C:\WINDOWS\System32\SHELL32.dll
0x00007fff99900000 - 0x00007fff9a0a3000 	C:\WINDOWS\SYSTEM32\windows.storage.dll
0x00007fff9d820000 - 0x00007fff9db75000 	C:\WINDOWS\System32\combase.dll
0x00007fff9b600000 - 0x00007fff9b62b000 	C:\WINDOWS\SYSTEM32\Wldp.dll
0x00007fff9de20000 - 0x00007fff9deed000 	C:\WINDOWS\System32\OLEAUT32.dll
0x00007fff9def0000 - 0x00007fff9df9d000 	C:\WINDOWS\System32\SHCORE.dll
0x00007fff9cc00000 - 0x00007fff9cc55000 	C:\WINDOWS\System32\shlwapi.dll
0x00007fff9bb00000 - 0x00007fff9bb25000 	C:\WINDOWS\SYSTEM32\profapi.dll
0x000000005a560000 - 0x000000005a56d000 	C:\Program Files\Java\jdk1.8.0_144\jre\bin\management.dll
0x000000005a590000 - 0x000000005a5aa000 	C:\Program Files\Java\jdk1.8.0_144\jre\bin\net.dll
0x00007fff9b360000 - 0x00007fff9b3cc000 	C:\WINDOWS\system32\mswsock.dll
0x00007fff834c0000 - 0x00007fff8350b000 	C:\Program Files (x86)\Sangfor\SSL\ClientComponent2\SangforNspX64.dll
0x00007fff9d6c0000 - 0x00007fff9d7eb000 	C:\WINDOWS\System32\ole32.dll
0x00007fff834a0000 - 0x00007fff834b7000 	C:\WINDOWS\system32\napinsp.dll
0x00007fff83480000 - 0x00007fff8349b000 	C:\WINDOWS\system32\pnrpnsp.dll
0x00007fff83460000 - 0x00007fff83475000 	C:\WINDOWS\system32\wshbth.dll
0x00007fff951c0000 - 0x00007fff951dd000 	C:\WINDOWS\system32\NLAapi.dll
0x00007fff9b040000 - 0x00007fff9b07b000 	C:\WINDOWS\SYSTEM32\IPHLPAPI.DLL
0x00007fff9b080000 - 0x00007fff9b14a000 	C:\WINDOWS\SYSTEM32\DNSAPI.dll
0x00007fff9cc80000 - 0x00007fff9cc88000 	C:\WINDOWS\System32\NSI.dll
0x00007fff83440000 - 0x00007fff83452000 	C:\WINDOWS\System32\winrnr.dll
0x000000005bf00000 - 0x000000005bf26000 	C:\Program Files\Bonjour\mdnsNSP.dll
0x00007fff8f9d0000 - 0x00007fff8f9da000 	C:\Windows\System32\rasadhlp.dll
0x00007fff90c50000 - 0x00007fff90cd0000 	C:\WINDOWS\System32\fwpuclnt.dll
0x000000005a570000 - 0x000000005a581000 	C:\Program Files\Java\jdk1.8.0_144\jre\bin\nio.dll
0x00007fff9b550000 - 0x00007fff9b568000 	C:\WINDOWS\SYSTEM32\CRYPTSP.dll
0x00007fff9ac60000 - 0x00007fff9ac98000 	C:\WINDOWS\system32\rsaenh.dll
0x00007fff9bac0000 - 0x00007fff9baee000 	C:\WINDOWS\SYSTEM32\USERENV.dll
0x00007fff9c090000 - 0x00007fff9c112000 	C:\WINDOWS\System32\bcryptprimitives.dll
0x00007fff9b570000 - 0x00007fff9b57c000 	C:\WINDOWS\SYSTEM32\CRYPTBASE.dll
0x00007fff93e40000 - 0x00007fff93e57000 	C:\WINDOWS\SYSTEM32\dhcpcsvc6.DLL
0x00007fff94500000 - 0x00007fff9451d000 	C:\WINDOWS\SYSTEM32\dhcpcsvc.DLL

VM Arguments:
java_command: com.usts.videoSite.VideoSiteApplication
java_class_path (initial): C:\Users\zouencen\Desktop\java based web application\test\videoSite20250520\videoSite\target\classes;C:\Users\zouencen\.m2\repository\org\springframework\boot\spring-boot-starter-web\1.5.8.RELEASE\spring-boot-starter-web-1.5.8.RELEASE.jar;C:\Users\zouencen\.m2\repository\org\springframework\boot\spring-boot-starter\1.5.8.RELEASE\spring-boot-starter-1.5.8.RELEASE.jar;C:\Users\zouencen\.m2\repository\org\springframework\boot\spring-boot\1.5.8.RELEASE\spring-boot-1.5.8.RELEASE.jar;C:\Users\zouencen\.m2\repository\org\springframework\boot\spring-boot-autoconfigure\1.5.8.RELEASE\spring-boot-autoconfigure-1.5.8.RELEASE.jar;C:\Users\zouencen\.m2\repository\org\springframework\boot\spring-boot-starter-logging\1.5.8.RELEASE\spring-boot-starter-logging-1.5.8.RELEASE.jar;C:\Users\zouencen\.m2\repository\ch\qos\logback\logback-classic\1.1.11\logback-classic-1.1.11.jar;C:\Users\zouencen\.m2\repository\ch\qos\logback\logback-core\1.1.11\logback-core-1.1.11.jar;C:\Users\zouencen\.m2\repository\org\slf4j\jul-to-slf4j\1.7.25\jul-to-slf4j-1.7.25.jar;C:\Users\zouencen\.m2\repository\org\slf4j\log4j-over-slf4j\1.7.25\log4j-over-slf4j-1.7.25.jar;C:\Users\zouencen\.m2\repository\org\springframework\spring-core\4.3.12.RELEASE\spring-core-4.3.12.RELEASE.jar;C:\Users\zouencen\.m2\repository\org\yaml\snakeyaml\1.17\snakeyaml-1.17.jar;C:\Users\zouencen\.m2\repository\org\springframework\boot\spring-boot-starter-tomcat\1.5.8.RELEASE\spring-boot-starter-tomcat-1.5.8.RELEASE.jar;C:\Users\zouencen\.m2\repository\org\apache\tomcat\embed\tomcat-embed-core\8.5.23\tomcat-embed-core-8.5.23.jar;C:\Users\zouencen\.m2\repository\org\apache\tomcat\tomcat-annotations-api\8.5.23\tomcat-annotations-api-8.5.23.jar;C:\Users\zouencen\.m2\repository\org\apache\tomcat\embed\tomcat-embed-el\8.5.23\tomcat-embed-el-8.5.23.jar;C:\Users\zouencen\.m2\repository\org\apache\tomcat\embed\tomcat-embed-websocket\8.5.23\tomcat-embed-websocket-8.5.23.jar;C:\Users\zouencen\.m2\repository\org\hibern
Launcher Type: SUN_STANDARD

Environment Variables:
JAVA_HOME=C:\Program Files\Java\jdk1.8.0_144
PATH=C:\Program Files\Common Files\Oracle\Java\javapath;C:\Program Files\NVIDIA GPU Computing Toolkit\CUDA\v11.4\bin;C:\Program Files\NVIDIA GPU Computing Toolkit\CUDA\v11.4\libnvvp;C:\WINDOWS\system32;C:\WINDOWS;C:\WINDOWS\System32\Wbem;C:\WINDOWS\System32\WindowsPowerShell\v1.0\;C:\WINDOWS\System32\OpenSSH\;C:\Program Files\CMake\bin;C:\Program Files\NVIDIA Corporation\Nsight Compute 2021.2.0\;C:\Program Files\NVIDIA Corporation\NVIDIA NvDLISR;C:\Program Files (x86)\NVIDIA Corporation\PhysX\Common;C:\Program Files (x86)\IDM Computer Solutions\UltraEdit;C:\Program Files\Java\jdk1.8.0_144\bin;C:\Program Files\PuTTY\;C:\Program Files\Git\cmd;C:\Program Files\dotnet\;C:\Program Files\NetBeans-25\netbeans\java\maven\bin\;C:\Users\zouencen\AppData\Local\Programs\Python\Python36\Scripts\;C:\Users\zouencen\AppData\Local\Programs\Python\Python36\;C:\Users\zouencen\AppData\Local\Microsoft\WindowsApps;C:\Program Files (x86)\Nmap;C:\Program Files (x86)\Nmap;C:\Python27;C:\Users\zouencen\.dotnet\tools;
USERNAME=zouencen
OS=Windows_NT
PROCESSOR_IDENTIFIER=Intel64 Family 6 Model 142 Stepping 9, GenuineIntel



---------------  S Y S T E M  ---------------

OS: Windows 10.0 , 64 bit Build 19041 (10.0.19041.5678)

CPU:total 4 (initial active 4) (2 cores per cpu, 2 threads per core) family 6 model 142 stepping 9, cmov, cx8, fxsr, mmx, sse, sse2, sse3, ssse3, sse4.1, sse4.2, popcnt, avx, avx2, aes, clmul, erms, 3dnowpref, lzcnt, ht, tsc, tscinvbit, bmi1, bmi2, adx

Memory: 4k page, physical 8266100k(637144k free), swap 33431924k(6824k free)

vm_info: Java HotSpot(TM) 64-Bit Server VM (25.144-b01) for windows-amd64 JRE (1.8.0_144-b01), built on Jul 21 2017 21:57:33 by "java_re" with MS VC++ 10.0 (VS2010)

time: Tue May 20 20:13:05 2025
elapsed time: 24 seconds (0d 0h 0m 24s)

